# JRE version: OpenJDK Runtime Environment (11.0.11+9) (build 11.0.11+9-b60-7590822)
# Java VM: OpenJDK 64-Bit Server VM (11.0.11+9-b60-7590822, mixed mode, tiered, compressed oops, g1 gc, windows-amd64)
Heap:
 garbage-first heap   total 266240K, used 112264K [0x0000000080000000, 0x0000000100000000)
  region size 1024K, 9 young (9216K), 9 survivors (9216K)
 Metaspace       used 92966K, capacity 95544K, committed 95804K, reserved 1132544K
  class space    used 12010K, capacity 12968K, committed 13028K, reserved 1048576K
GC Heap History (20 events):
Event: 15.228 GC heap after
{Heap after GC invocations=29 (full 0):
 garbage-first heap   total 165888K, used 76526K [0x0000000080000000, 0x0000000100000000)
  region size 1024K, 6 young (6144K), 6 survivors (6144K)
 Metaspace       used 75332K, capacity 77247K, committed 77500K, reserved 1116160K
  class space    used 9803K, capacity 10518K, committed 10596K, reserved 1048576K
}
Event: 16.120 GC heap before
{Heap before GC invocations=29 (full 0):
 garbage-first heap   total 165888K, used 123630K [0x0000000080000000, 0x0000000100000000)
  region size 1024K, 52 young (53248K), 6 survivors (6144K)
 Metaspace       used 80493K, capacity 82509K, committed 82620K, reserved 1120256K
  class space    used 10529K, capacity 11270K, committed 11364K, reserved 1048576K
}
Event: 16.126 GC heap after
{Heap after GC invocations=30 (full 0):
 garbage-first heap   total 165888K, used 78716K [0x0000000080000000, 0x0000000100000000)
  region size 1024K, 5 young (5120K), 5 survivors (5120K)
 Metaspace       used 80493K, capacity 82509K, committed 82620K, reserved 1120256K
  class space    used 10529K, capacity 11270K, committed 11364K, reserved 1048576K
}
Event: 16.741 GC heap before
{Heap before GC invocations=30 (full 0):
 garbage-first heap   total 165888K, used 126844K [0x0000000080000000, 0x0000000100000000)
  region size 1024K, 52 young (53248K), 5 survivors (5120K)
 Metaspace       used 83491K, capacity 85693K, committed 85948K, reserved 1124352K
  class space    used 10956K, capacity 11781K, committed 11876K, reserved 1048576K
}
Event: 16.780 GC heap after
{Heap after GC invocations=31 (full 0):
 garbage-first heap   total 165888K, used 82761K [0x0000000080000000, 0x0000000100000000)
  region size 1024K, 7 young (7168K), 7 survivors (7168K)
 Metaspace       used 83491K, capacity 85693K, committed 85948K, reserved 1124352K
  class space    used 10956K, capacity 11781K, committed 11876K, reserved 1048576K
}
Event: 17.629 GC heap before
{Heap before GC invocations=32 (full 0):
 garbage-first heap   total 165888K, used 128841K [0x0000000080000000, 0x0000000100000000)
  region size 1024K, 53 young (54272K), 7 survivors (7168K)
 Metaspace       used 85168K, capacity 87581K, committed 87740K, reserved 1124352K
  class space    used 11203K, capacity 12102K, committed 12132K, reserved 1048576K
}
Event: 17.643 GC heap after
{Heap after GC invocations=33 (full 0):
 garbage-first heap   total 165888K, used 88477K [0x0000000080000000, 0x0000000100000000)
  region size 1024K, 6 young (6144K), 6 survivors (6144K)
 Metaspace       used 85168K, capacity 87581K, committed 87740K, reserved 1124352K
  class space    used 11203K, capacity 12102K, committed 12132K, reserved 1048576K
}
Event: 18.097 GC heap before
{Heap before GC invocations=33 (full 0):
 garbage-first heap   total 165888K, used 131485K [0x0000000080000000, 0x0000000100000000)
  region size 1024K, 49 young (50176K), 6 survivors (6144K)
 Metaspace       used 85440K, capacity 87873K, committed 87996K, reserved 1126400K
  class space    used 11203K, capacity 12102K, committed 12132K, reserved 1048576K
}
Event: 18.106 GC heap after
{Heap after GC invocations=34 (full 0):
 garbage-first heap   total 165888K, used 91673K [0x0000000080000000, 0x0000000100000000)
  region size 1024K, 5 young (5120K), 5 survivors (5120K)
 Metaspace       used 85440K, capacity 87873K, committed 87996K, reserved 1126400K
  class space    used 11203K, capacity 12102K, committed 12132K, reserved 1048576K
}
Event: 18.534 GC heap before
{Heap before GC invocations=35 (full 0):
 garbage-first heap   total 165888K, used 132633K [0x0000000080000000, 0x0000000100000000)
  region size 1024K, 46 young (47104K), 5 survivors (5120K)
 Metaspace       used 86096K, capacity 88469K, committed 88636K, reserved 1126400K
  class space    used 11254K, capacity 12140K, committed 12260K, reserved 1048576K
}
Event: 18.545 GC heap after
{Heap after GC invocations=36 (full 0):
 garbage-first heap   total 221184K, used 94825K [0x0000000080000000, 0x0000000100000000)
  region size 1024K, 5 young (5120K), 5 survivors (5120K)
 Metaspace       used 86096K, capacity 88469K, committed 88636K, reserved 1126400K
  class space    used 11254K, capacity 12140K, committed 12260K, reserved 1048576K
}
Event: 19.564 GC heap before
{Heap before GC invocations=36 (full 0):
 garbage-first heap   total 221184K, used 165481K [0x0000000080000000, 0x0000000100000000)
  region size 1024K, 75 young (76800K), 5 survivors (5120K)
 Metaspace       used 88826K, capacity 91345K, committed 91452K, reserved 1128448K
  class space    used 11497K, capacity 12443K, committed 12516K, reserved 1048576K
}
Event: 19.570 GC heap after
{Heap after GC invocations=37 (full 0):
 garbage-first heap   total 221184K, used 96965K [0x0000000080000000, 0x0000000100000000)
  region size 1024K, 7 young (7168K), 7 survivors (7168K)
 Metaspace       used 88826K, capacity 91345K, committed 91452K, reserved 1128448K
  class space    used 11497K, capacity 12443K, committed 12516K, reserved 1048576K
}
Event: 20.401 GC heap before
{Heap before GC invocations=37 (full 0):
 garbage-first heap   total 221184K, used 168645K [0x0000000080000000, 0x0000000100000000)
  region size 1024K, 78 young (79872K), 7 survivors (7168K)
 Metaspace       used 92587K, capacity 95156K, committed 95292K, reserved 1132544K
  class space    used 11987K, capacity 12918K, committed 13028K, reserved 1048576K
}
Event: 20.413 GC heap after
{Heap after GC invocations=38 (full 0):
 garbage-first heap   total 221184K, used 100378K [0x0000000080000000, 0x0000000100000000)
  region size 1024K, 7 young (7168K), 7 survivors (7168K)
 Metaspace       used 92587K, capacity 95156K, committed 95292K, reserved 1132544K
  class space    used 11987K, capacity 12918K, committed 13028K, reserved 1048576K
}
Event: 20.895 GC heap before
{Heap before GC invocations=38 (full 0):
 garbage-first heap   total 221184K, used 171034K [0x0000000080000000, 0x0000000100000000)
  region size 1024K, 77 young (78848K), 7 survivors (7168K)
 Metaspace       used 92739K, capacity 95283K, committed 95548K, reserved 1132544K
  class space    used 11997K, capacity 12955K, committed 13028K, reserved 1048576K
}
Event: 20.907 GC heap after
{Heap after GC invocations=39 (full 0):
 garbage-first heap   total 221184K, used 105487K [0x0000000080000000, 0x0000000100000000)
  region size 1024K, 10 young (10240K), 10 survivors (10240K)
 Metaspace       used 92739K, capacity 95283K, committed 95548K, reserved 1132544K
  class space    used 11997K, capacity 12955K, committed 13028K, reserved 1048576K
}
Event: 21.367 GC heap before
{Heap before GC invocations=39 (full 0):
 garbage-first heap   total 221184K, used 175119K [0x0000000080000000, 0x0000000100000000)
  region size 1024K, 79 young (80896K), 10 survivors (10240K)
 Metaspace       used 92813K, capacity 95347K, committed 95548K, reserved 1132544K
  class space    used 11997K, capacity 12955K, committed 13028K, reserved 1048576K
}
Event: 21.379 GC heap after
{Heap after GC invocations=40 (full 0):
 garbage-first heap   total 221184K, used 108340K [0x0000000080000000, 0x0000000100000000)
  region size 1024K, 5 young (5120K), 5 survivors (5120K)
 Metaspace       used 92813K, capacity 95347K, committed 95548K, reserved 1132544K
  class space    used 11997K, capacity 12955K, committed 13028K, reserved 1048576K
}
Event: 21.834 GC heap before
{Heap before GC invocations=40 (full 0):
 garbage-first heap   total 221184K, used 177972K [0x0000000080000000, 0x0000000100000000)
  region size 1024K, 74 young (75776K), 5 survivors (5120K)
 Metaspace       used 92966K, capacity 95544K, committed 95804K, reserved 1132544K
  class space    used 12010K, capacity 12968K, committed 13028K, reserved 1048576K
}

