# JRE version: OpenJDK Runtime Environment (11.0.11+9) (build 11.0.11+9-b60-7590822)
# Java VM: OpenJDK 64-Bit Server VM (11.0.11+9-b60-7590822, mixed mode, tiered, compressed oops, g1 gc, windows-amd64)
Heap:
 garbage-first heap   total 346112K, used 163223K [0x0000000080000000, 0x0000000100000000)
  region size 1024K, 2 young (2048K), 2 survivors (2048K)
 Metaspace       used 124045K, capacity 127667K, committed 128976K, reserved 1161216K
  class space    used 15746K, capacity 17142K, committed 17664K, reserved 1048576K
GC Heap History (20 events):
Event: 443.264 GC heap after
{Heap after GC invocations=98 (full 0):
 garbage-first heap   total 239616K, used 163524K [0x0000000080000000, 0x0000000100000000)
  region size 1024K, 3 young (3072K), 3 survivors (3072K)
 Metaspace       used 121536K, capacity 125318K, committed 126160K, reserved 1159168K
  class space    used 15623K, capacity 17111K, committed 17408K, reserved 1048576K
}
Event: 443.488 GC heap before
{Heap before GC invocations=99 (full 0):
 garbage-first heap   total 239616K, used 202436K [0x0000000080000000, 0x0000000100000000)
  region size 1024K, 42 young (43008K), 3 survivors (3072K)
 Metaspace       used 122120K, capacity 125852K, committed 126800K, reserved 1159168K
  class space    used 15706K, capacity 17200K, committed 17536K, reserved 1048576K
}
Event: 443.493 GC heap after
{Heap after GC invocations=100 (full 0):
 garbage-first heap   total 239616K, used 164253K [0x0000000080000000, 0x0000000100000000)
  region size 1024K, 3 young (3072K), 3 survivors (3072K)
 Metaspace       used 122120K, capacity 125852K, committed 126800K, reserved 1159168K
  class space    used 15706K, capacity 17200K, committed 17536K, reserved 1048576K
}
Event: 443.522 GC heap before
{Heap before GC invocations=100 (full 0):
 garbage-first heap   total 239616K, used 171421K [0x0000000080000000, 0x0000000100000000)
  region size 1024K, 11 young (11264K), 3 survivors (3072K)
 Metaspace       used 122145K, capacity 125948K, committed 126800K, reserved 1159168K
  class space    used 15715K, capacity 17232K, committed 17536K, reserved 1048576K
}
Event: 443.529 GC heap after
{Heap after GC invocations=101 (full 0):
 garbage-first heap   total 239616K, used 163672K [0x0000000080000000, 0x0000000100000000)
  region size 1024K, 2 young (2048K), 2 survivors (2048K)
 Metaspace       used 122145K, capacity 125948K, committed 126800K, reserved 1159168K
  class space    used 15715K, capacity 17232K, committed 17536K, reserved 1048576K
}
Event: 443.661 GC heap before
{Heap before GC invocations=101 (full 0):
 garbage-first heap   total 239616K, used 203608K [0x0000000080000000, 0x0000000100000000)
  region size 1024K, 42 young (43008K), 2 survivors (2048K)
 Metaspace       used 122192K, capacity 125950K, committed 126800K, reserved 1159168K
  class space    used 15729K, capacity 17233K, committed 17536K, reserved 1048576K
}
Event: 443.668 GC heap after
{Heap after GC invocations=102 (full 0):
 garbage-first heap   total 239616K, used 164778K [0x0000000080000000, 0x0000000100000000)
  region size 1024K, 3 young (3072K), 3 survivors (3072K)
 Metaspace       used 122192K, capacity 125950K, committed 126800K, reserved 1159168K
  class space    used 15729K, capacity 17233K, committed 17536K, reserved 1048576K
}
Event: 443.864 GC heap before
{Heap before GC invocations=102 (full 0):
 garbage-first heap   total 239616K, used 204714K [0x0000000080000000, 0x0000000100000000)
  region size 1024K, 42 young (43008K), 3 survivors (3072K)
 Metaspace       used 122294K, capacity 126081K, committed 126800K, reserved 1159168K
  class space    used 15735K, capacity 17233K, committed 17536K, reserved 1048576K
}
Event: 443.870 GC heap after
{Heap after GC invocations=103 (full 0):
 garbage-first heap   total 287744K, used 165092K [0x0000000080000000, 0x0000000100000000)
  region size 1024K, 3 young (3072K), 3 survivors (3072K)
 Metaspace       used 122294K, capacity 126081K, committed 126800K, reserved 1159168K
  class space    used 15735K, capacity 17233K, committed 17536K, reserved 1048576K
}
Event: 444.184 GC heap before
{Heap before GC invocations=104 (full 0):
 garbage-first heap   total 287744K, used 230628K [0x0000000080000000, 0x0000000100000000)
  region size 1024K, 67 young (68608K), 3 survivors (3072K)
 Metaspace       used 121801K, capacity 125176K, committed 127056K, reserved 1159168K
  class space    used 15489K, capacity 16816K, committed 17536K, reserved 1048576K
}
Event: 444.188 GC heap after
{Heap after GC invocations=105 (full 0):
 garbage-first heap   total 287744K, used 164807K [0x0000000080000000, 0x0000000100000000)
  region size 1024K, 3 young (3072K), 3 survivors (3072K)
 Metaspace       used 121801K, capacity 125176K, committed 127056K, reserved 1159168K
  class space    used 15489K, capacity 16816K, committed 17536K, reserved 1048576K
}
Event: 444.210 GC heap before
{Heap before GC invocations=105 (full 0):
 garbage-first heap   total 287744K, used 176071K [0x0000000080000000, 0x0000000100000000)
  region size 1024K, 14 young (14336K), 3 survivors (3072K)
 Metaspace       used 121801K, capacity 125176K, committed 127056K, reserved 1159168K
  class space    used 15489K, capacity 16816K, committed 17536K, reserved 1048576K
}
Event: 444.217 GC heap after
{Heap after GC invocations=106 (full 0):
 garbage-first heap   total 287744K, used 161560K [0x0000000080000000, 0x0000000100000000)
  region size 1024K, 2 young (2048K), 2 survivors (2048K)
 Metaspace       used 121801K, capacity 125176K, committed 127056K, reserved 1159168K
  class space    used 15489K, capacity 16816K, committed 17536K, reserved 1048576K
}
Event: 444.474 GC heap before
{Heap before GC invocations=106 (full 0):
 garbage-first heap   total 287744K, used 231192K [0x0000000080000000, 0x0000000100000000)
  region size 1024K, 71 young (72704K), 2 survivors (2048K)
 Metaspace       used 122140K, capacity 125589K, committed 127312K, reserved 1159168K
  class space    used 15507K, capacity 16840K, committed 17536K, reserved 1048576K
}
Event: 444.479 GC heap after
{Heap after GC invocations=107 (full 0):
 garbage-first heap   total 287744K, used 161560K [0x0000000080000000, 0x0000000100000000)
  region size 1024K, 2 young (2048K), 2 survivors (2048K)
 Metaspace       used 122140K, capacity 125589K, committed 127312K, reserved 1159168K
  class space    used 15507K, capacity 16840K, committed 17536K, reserved 1048576K
}
Event: 446.114 GC heap before
{Heap before GC invocations=108 (full 0):
 garbage-first heap   total 287744K, used 236312K [0x0000000080000000, 0x0000000100000000)
  region size 1024K, 76 young (77824K), 2 survivors (2048K)
 Metaspace       used 123972K, capacity 127592K, committed 128976K, reserved 1161216K
  class space    used 15742K, capacity 17139K, committed 17664K, reserved 1048576K
}
Event: 446.124 GC heap after
{Heap after GC invocations=109 (full 0):
 garbage-first heap   total 287744K, used 166223K [0x0000000080000000, 0x0000000100000000)
  region size 1024K, 7 young (7168K), 7 survivors (7168K)
 Metaspace       used 123972K, capacity 127592K, committed 128976K, reserved 1161216K
  class space    used 15742K, capacity 17139K, committed 17664K, reserved 1048576K
}
Event: 446.217 GC heap before
{Heap before GC invocations=109 (full 0):
 garbage-first heap   total 287744K, used 172367K [0x0000000080000000, 0x0000000100000000)
  region size 1024K, 14 young (14336K), 7 survivors (7168K)
 Metaspace       used 124045K, capacity 127667K, committed 128976K, reserved 1161216K
  class space    used 15746K, capacity 17142K, committed 17664K, reserved 1048576K
}
Event: 446.226 GC heap after
{Heap after GC invocations=110 (full 0):
 garbage-first heap   total 287744K, used 163430K [0x0000000080000000, 0x0000000100000000)
  region size 1024K, 2 young (2048K), 2 survivors (2048K)
 Metaspace       used 124045K, capacity 127667K, committed 128976K, reserved 1161216K
  class space    used 15746K, capacity 17142K, committed 17664K, reserved 1048576K
}
Event: 446.231 GC heap before
{Heap before GC invocations=110 (full 0):
 garbage-first heap   total 287744K, used 163430K [0x0000000080000000, 0x0000000100000000)
  region size 1024K, 3 young (3072K), 2 survivors (2048K)
 Metaspace       used 124045K, capacity 127667K, committed 128976K, reserved 1161216K
  class space    used 15746K, capacity 17142K, committed 17664K, reserved 1048576K
}

