# JRE version: OpenJDK Runtime Environment (11.0.11+9) (build 11.0.11+9-b60-7590822)
# Java VM: OpenJDK 64-Bit Server VM (11.0.11+9-b60-7590822, mixed mode, tiered, compressed oops, g1 gc, windows-amd64)
Heap:
 garbage-first heap   total 980992K, used 284160K [0x0000000080000000, 0x0000000100000000)
  region size 1024K, 9 young (9216K), 9 survivors (9216K)
 Metaspace       used 110779K, capacity 113947K, committed 114428K, reserved 1148928K
  class space    used 14532K, capacity 15747K, committed 16000K, reserved 1048576K
GC Heap History (20 events):
Event: 32.786 GC heap after
{Heap after GC invocations=51 (full 0):
 garbage-first heap   total 206848K, used 171783K [0x0000000080000000, 0x0000000100000000)
  region size 1024K, 2 young (2048K), 2 survivors (2048K)
 Metaspace       used 103008K, capacity 105726K, committed 105852K, reserved 1140736K
  class space    used 13400K, capacity 14466K, committed 14592K, reserved 1048576K
}
Event: 32.838 GC heap before
{Heap before GC invocations=51 (full 0):
 garbage-first heap   total 206848K, used 178951K [0x0000000080000000, 0x0000000100000000)
  region size 1024K, 10 young (10240K), 2 survivors (2048K)
 Metaspace       used 103482K, capacity 106229K, committed 106364K, reserved 1140736K
  class space    used 13470K, capacity 14548K, committed 14592K, reserved 1048576K
}
Event: 32.846 GC heap after
{Heap after GC invocations=52 (full 0):
 garbage-first heap   total 206848K, used 174066K [0x0000000080000000, 0x0000000100000000)
  region size 1024K, 2 young (2048K), 2 survivors (2048K)
 Metaspace       used 103482K, capacity 106229K, committed 106364K, reserved 1140736K
  class space    used 13470K, capacity 14548K, committed 14592K, reserved 1048576K
}
Event: 32.893 GC heap before
{Heap before GC invocations=52 (full 0):
 garbage-first heap   total 206848K, used 181234K [0x0000000080000000, 0x0000000100000000)
  region size 1024K, 10 young (10240K), 2 survivors (2048K)
 Metaspace       used 103797K, capacity 106615K, committed 106748K, reserved 1140736K
  class space    used 13536K, capacity 14663K, committed 14720K, reserved 1048576K
}
Event: 32.903 GC heap after
{Heap after GC invocations=53 (full 0):
 garbage-first heap   total 248832K, used 176481K [0x0000000080000000, 0x0000000100000000)
  region size 1024K, 2 young (2048K), 2 survivors (2048K)
 Metaspace       used 103797K, capacity 106615K, committed 106748K, reserved 1140736K
  class space    used 13536K, capacity 14663K, committed 14720K, reserved 1048576K
}
Event: 33.035 GC heap before
{Heap before GC invocations=53 (full 0):
 garbage-first heap   total 248832K, used 196961K [0x0000000080000000, 0x0000000100000000)
  region size 1024K, 23 young (23552K), 2 survivors (2048K)
 Metaspace       used 104662K, capacity 107530K, committed 107772K, reserved 1142784K
  class space    used 13705K, capacity 14864K, committed 14976K, reserved 1048576K
}
Event: 33.045 GC heap after
{Heap after GC invocations=54 (full 0):
 garbage-first heap   total 248832K, used 180428K [0x0000000080000000, 0x0000000100000000)
  region size 1024K, 3 young (3072K), 3 survivors (3072K)
 Metaspace       used 104662K, capacity 107530K, committed 107772K, reserved 1142784K
  class space    used 13705K, capacity 14864K, committed 14976K, reserved 1048576K
}
Event: 33.115 GC heap before
{Heap before GC invocations=54 (full 0):
 garbage-first heap   total 248832K, used 200908K [0x0000000080000000, 0x0000000100000000)
  region size 1024K, 23 young (23552K), 3 survivors (3072K)
 Metaspace       used 105148K, capacity 108044K, committed 108284K, reserved 1142784K
  class space    used 13785K, capacity 14951K, committed 14976K, reserved 1048576K
}
Event: 33.128 GC heap after
{Heap after GC invocations=55 (full 0):
 garbage-first heap   total 248832K, used 183426K [0x0000000080000000, 0x0000000100000000)
  region size 1024K, 3 young (3072K), 3 survivors (3072K)
 Metaspace       used 105148K, capacity 108044K, committed 108284K, reserved 1142784K
  class space    used 13785K, capacity 14951K, committed 14976K, reserved 1048576K
}
Event: 33.226 GC heap before
{Heap before GC invocations=55 (full 0):
 garbage-first heap   total 248832K, used 204930K [0x0000000080000000, 0x0000000100000000)
  region size 1024K, 23 young (23552K), 3 survivors (3072K)
 Metaspace       used 105644K, capacity 108445K, committed 108924K, reserved 1142784K
  class space    used 13857K, capacity 14990K, committed 15104K, reserved 1048576K
}
Event: 33.238 GC heap after
{Heap after GC invocations=56 (full 0):
 garbage-first heap   total 248832K, used 186937K [0x0000000080000000, 0x0000000100000000)
  region size 1024K, 3 young (3072K), 3 survivors (3072K)
 Metaspace       used 105644K, capacity 108445K, committed 108924K, reserved 1142784K
  class space    used 13857K, capacity 14990K, committed 15104K, reserved 1048576K
}
Event: 33.308 GC heap before
{Heap before GC invocations=56 (full 0):
 garbage-first heap   total 248832K, used 205369K [0x0000000080000000, 0x0000000100000000)
  region size 1024K, 22 young (22528K), 3 survivors (3072K)
 Metaspace       used 106108K, capacity 108958K, committed 109308K, reserved 1142784K
  class space    used 13919K, capacity 15058K, committed 15232K, reserved 1048576K
}
Event: 33.327 GC heap after
{Heap after GC invocations=57 (full 0):
 garbage-first heap   total 442368K, used 189286K [0x0000000080000000, 0x0000000100000000)
  region size 1024K, 3 young (3072K), 3 survivors (3072K)
 Metaspace       used 106108K, capacity 108958K, committed 109308K, reserved 1142784K
  class space    used 13919K, capacity 15058K, committed 15232K, reserved 1048576K
}
Event: 34.261 GC heap before
{Heap before GC invocations=58 (full 0):
 garbage-first heap   total 442368K, used 279398K [0x0000000080000000, 0x0000000100000000)
  region size 1024K, 91 young (93184K), 3 survivors (3072K)
 Metaspace       used 110078K, capacity 113299K, committed 113532K, reserved 1146880K
  class space    used 14543K, capacity 15830K, committed 15872K, reserved 1048576K
}
Event: 34.295 GC heap after
{Heap after GC invocations=59 (full 0):
 garbage-first heap   total 442368K, used 207604K [0x0000000080000000, 0x0000000100000000)
  region size 1024K, 12 young (12288K), 12 survivors (12288K)
 Metaspace       used 110078K, capacity 113299K, committed 113532K, reserved 1146880K
  class space    used 14543K, capacity 15830K, committed 15872K, reserved 1048576K
}
Event: 34.842 GC heap before
{Heap before GC invocations=59 (full 0):
 garbage-first heap   total 442368K, used 305908K [0x0000000080000000, 0x0000000100000000)
  region size 1024K, 109 young (111616K), 12 survivors (12288K)
 Metaspace       used 110465K, capacity 113679K, committed 113916K, reserved 1146880K
  class space    used 14594K, capacity 15884K, committed 16000K, reserved 1048576K
}
Event: 34.919 GC heap after
{Heap after GC invocations=60 (full 0):
 garbage-first heap   total 442368K, used 254236K [0x0000000080000000, 0x0000000100000000)
  region size 1024K, 14 young (14336K), 14 survivors (14336K)
 Metaspace       used 110465K, capacity 113679K, committed 113916K, reserved 1146880K
  class space    used 14594K, capacity 15884K, committed 16000K, reserved 1048576K
}
Event: 35.257 GC heap before
{Heap before GC invocations=60 (full 0):
 garbage-first heap   total 442368K, used 321820K [0x0000000080000000, 0x0000000100000000)
  region size 1024K, 81 young (82944K), 14 survivors (14336K)
 Metaspace       used 110676K, capacity 113950K, committed 114172K, reserved 1146880K
  class space    used 14605K, capacity 15899K, committed 16000K, reserved 1048576K
}
Event: 35.328 GC heap after
{Heap after GC invocations=61 (full 0):
 garbage-first heap   total 442368K, used 277504K [0x0000000080000000, 0x0000000100000000)
  region size 1024K, 11 young (11264K), 11 survivors (11264K)
 Metaspace       used 110676K, capacity 113950K, committed 114172K, reserved 1146880K
  class space    used 14605K, capacity 15899K, committed 16000K, reserved 1048576K
}
Event: 36.633 GC heap before
{Heap before GC invocations=62 (full 0):
 garbage-first heap   total 442368K, used 332800K [0x0000000080000000, 0x0000000100000000)
  region size 1024K, 69 young (70656K), 11 survivors (11264K)
 Metaspace       used 110779K, capacity 113947K, committed 114428K, reserved 1148928K
  class space    used 14532K, capacity 15747K, committed 16000K, reserved 1048576K
}

